Sample	posterior	seedbankTreeDensity	treeLikelihood	prior	transitionRate	relativeSeedbankSize	dormantScaling	mutationRate
0	-35033.037834957926	-90.3995729487597	-34955.75694903036	13.118687021189738	0.5	1.0	0.001	0.001
15	-34823.106636413584	-91.09286618040889	-34745.13245725437	13.118687021189738	0.5	1.0	0.001	0.001
22	-34548.3282948489	-99.6166706305884	-34461.8303112395	13.118687021189738	0.5	1.0	0.001	0.001
29	-34348.56123015848	-100.75549123524632	-34260.92442594442	13.118687021189738	0.5	1.0	0.001	0.001
34	-34300.40215202692	-104.28637122567466	-34209.23446782244	13.118687021189738	0.5	1.0	0.001	0.001
35	-34252.17973850749	-104.28637122567466	-34161.012054303006	13.118687021189738	0.5	1.0	0.001	0.001
50	-34235.41306864523	-104.96638501638066	-34143.565370650045	13.118687021189738	0.5	1.0	0.001	0.001
51	-34236.456847337104	-104.96638501638066	-34144.609149341915	13.118687021189738	0.5	1.0	0.001	0.001
53	-33617.53174237671	-104.84859692878541	-33525.801832469115	13.118687021189738	0.5	1.0	0.001	0.001
54	-33587.86386731806	-105.23847991430691	-33495.74407442495	13.118687021189738	0.5	1.0	0.001	0.001
55	-33110.8020305889	-105.23847991430691	-33018.682237695786	13.118687021189738	0.5	1.0	0.001	0.001
76	-33112.64313085827	-106.65886508765772	-33019.1029527918	13.118687021189738	0.5	1.0	0.001	0.001
88	-33114.16558966304	-106.86146036724256	-33020.42281631699	13.118687021189738	0.5	1.0	0.001	0.001
95	-33115.270815392774	-107.89604450583039	-33020.49345790813	13.118687021189738	0.5	1.0	0.001	0.001
100	-33115.270815392774	-107.89604450583039	-33020.49345790813	13.118687021189738	0.5	1.0	0.001	0.001
108	-33072.571676519765	-107.89604450583039	-32977.79431903512	13.118687021189738	0.5	1.0	0.001	0.001
113	-32839.929379489215	-118.92529872268551	-32734.122767787718	13.118687021189738	0.5	1.0	0.001	0.001
119	-32646.5049123214	-130.30880979417003	-32529.31478954842	13.118687021189738	0.5	1.0	0.001	0.001
120	-32504.95492819002	-140.34933668815424	-32377.724278523056	13.118687021189738	0.5	1.0	0.001	0.001
127	-32448.825688430992	-144.8334105765577	-32317.110964875625	13.118687021189738	0.5	1.0	0.001	0.001
129	-32250.921336253192	-163.6477406557004	-32100.392282618683	13.118687021189738	0.5	1.0	0.001	0.001
130	-32211.17603337821	-168.13735983843105	-32056.15736056097	13.118687021189738	0.5	1.0	0.001	0.001
133	-32174.96222013546	-172.48981761684607	-32015.591089539805	13.118687021189738	0.5	1.0	0.001	0.001
137	-32169.385778793578	-171.2285221709644	-32011.275943643803	13.118687021189738	0.5	1.0	0.001	0.001
139	-32145.444928278244	-174.20766327545167	-31984.355952023983	13.118687021189738	0.5	1.0	0.001	0.001
140	-31580.231721552947	-178.92215195997554	-31414.428256614163	13.118687021189738	0.5	1.0	0.001	0.001
142	-31574.62350305908	-178.92215195997554	-31408.820038120295	13.118687021189738	0.5	1.0	0.001	0.001
145	-31572.234006711642	-177.4605453672627	-31407.89214836557	13.118687021189738	0.5	1.0	0.001	0.001
148	-31559.995638804434	-178.10959047199614	-31395.00473535363	13.118687021189738	0.5	1.0	0.001	0.001
149	-31527.427778295958	-178.86393498564004	-31361.68253033151	13.118687021189738	0.5	1.0	0.001	0.001
160	-31529.571382978454	-180.28663766870508	-31362.40343233094	13.118687021189738	0.5	1.0	0.001	0.001
165	-31529.19416313714	-180.33106852469254	-31361.981781633636	13.118687021189738	0.5	1.0	0.001	0.001
169	-31431.28472215521	-194.93018673678736	-31249.473222439614	13.118687021189738	0.5	1.0	0.001	0.001
171	-31424.861933497265	-194.93018673678736	-31243.050433781667	13.118687021189738	0.5	1.0	0.001	0.001
173	-31374.728943157803	-203.65074897137893	-31184.196881207612	13.118687021189738	0.5	1.0	0.001	0.001
175	-31375.966269377263	-204.9685224347124	-31184.11643396374	13.118687021189738	0.5	1.0	0.001	0.001
179	-31376.259962344535	-204.9685224347124	-31184.410126931012	13.118687021189738	0.5	1.0	0.001	0.001
183	-31049.55472938421	-204.9685224347124	-30857.704893970687	13.118687021189738	0.5	1.0	0.001	0.001
186	-31011.017461701635	-213.15797630149945	-30810.978172421324	13.118687021189738	0.5	1.0	0.001	0.001
193	-31011.017461701635	-213.15797630149945	-30810.978172421324	13.118687021189738	0.5	1.0	0.001	0.001
200	-31011.017347870733	-213.15797630149945	-30810.978058590423	13.118687021189738	0.5	1.0	0.001	0.001
202	-30976.61573741354	-213.15797630149945	-30776.57644813323	13.118687021189738	0.5	1.0	0.001	0.001
203	-30861.757513520377	-245.3502872989147	-30629.52591324265	13.118687021189738	0.5	1.0	0.001	0.001
208	-30787.934861816244	-279.3810965702649	-30521.67245226717	13.118687021189738	0.5	1.0	0.001	0.001
217	-30614.94841015761	-280.4090545133957	-30347.658042665404	13.118687021189738	0.5	1.0	0.001	0.001
230	-30611.903232231925	-280.12970891732795	-30344.892210335787	13.118687021189738	0.5	1.0	0.001	0.001
233	-30580.864861821894	-280.12970891732795	-30313.853839925756	13.118687021189738	0.5	1.0	0.001	0.001
240	-30548.781901920775	-306.4733359057125	-30255.42725303625	13.118687021189738	0.5	1.0	0.001	0.001
245	-29874.729018957827	-308.1531170702764	-29579.69458890874	13.118687021189738	0.5	1.0	0.001	0.001
246	-29871.392609313985	-309.31147287663055	-29575.199823458544	13.118687021189738	0.5	1.0	0.001	0.001
247	-29446.82758905858	-308.50766286790883	-29151.43861321186	13.118687021189738	0.5	1.0	0.001	0.001
251	-29444.626382454127	-307.1238001811504	-29150.621269294166	13.118687021189738	0.5	1.0	0.001	0.001
253	-29444.626382454127	-307.1238001811504	-29150.621269294166	13.118687021189738	0.5	1.0	0.001	0.001
254	-29436.877279633598	-307.1238001811504	-29142.872166473637	13.118687021189738	0.5	1.0	0.001	0.001
266	-29425.247330265986	-306.9311453851924	-29131.434871901984	13.118687021189738	0.5	1.0	0.001	0.001
271	-29425.247282949065	-306.9311453851924	-29131.434824585063	13.118687021189738	0.5	1.0	0.001	0.001
272	-29414.107353638836	-305.83469699052034	-29121.391343669504	13.118687021189738	0.5	1.0	0.001	0.001
279	-29406.07498144366	-355.4528718896702	-29063.74079657518	13.118687021189738	0.5	1.0	0.001	0.001
280	-29258.880755835304	-360.2783410865786	-28911.721101769916	13.118687021189738	0.5	1.0	0.001	0.001
281	-29254.019166681468	-357.7950128531535	-28909.342840849506	13.118687021189738	0.5	1.0	0.001	0.001
292	-29252.339780832473	-357.63711852300435	-28907.821349330658	13.118687021189738	0.5	1.0	0.001	0.001
293	-29252.58076308034	-357.63711852300435	-28908.062331578523	13.118687021189738	0.5	1.0	0.001	0.001
300	-29242.678292748304	-357.9703103411349	-28897.82666942836	13.118687021189738	0.5	1.0	0.001	0.001
305	-28147.32589517129	-357.9703103411349	-27802.474271851344	13.118687021189738	0.5	1.0	0.001	0.001
308	-28139.450315271406	-354.4068663534099	-27798.162135939187	13.118687021189738	0.5	1.0	0.001	0.001
312	-28127.16961986758	-325.829664926611	-27814.45864196216	13.118687021189738	0.5	1.0	0.001	0.001
321	-28094.800227996915	-325.829664926611	-27782.089250091492	13.118687021189738	0.5	1.0	0.001	0.001
329	-28092.233830854457	-327.02632414879264	-27778.326193726854	13.118687021189738	0.5	1.0	0.001	0.001
331	-28022.613956303285	-325.9098805268656	-27709.82276279761	13.118687021189738	0.5	1.0	0.001	0.001
334	-28022.994363011185	-325.9098805268656	-27710.20316950551	13.118687021189738	0.5	1.0	0.001	0.001
345	-27374.826709722605	-314.0604490593985	-27073.884947684397	13.118687021189738	0.5	1.0	0.001	0.001
351	-27363.672311481598	-314.0604490593985	-27062.73054944339	13.118687021189738	0.5	1.0	0.001	0.001
356	-27248.622795635685	-317.17243694534693	-26944.569045711527	13.118687021189738	0.5	1.0	0.001	0.001
367	-27243.569573262714	-317.17243694534693	-26939.515823338555	13.118687021189738	0.5	1.0	0.001	0.001
368	-27243.324211491596	-317.5303759835688	-26938.912522529215	13.118687021189738	0.5	1.0	0.001	0.001
371	-27226.129211335203	-316.07700769104997	-26923.170890665344	13.118687021189738	0.5	1.0	0.001	0.001
376	-27226.591910242263	-316.07700769104997	-26923.633589572404	13.118687021189738	0.5	1.0	0.001	0.001
380	-27226.64781797337	-316.07700769104997	-26923.689497303512	13.118687021189738	0.5	1.0	0.001	0.001
382	-27164.35904681671	-316.650167430723	-26860.827566407177	13.118687021189738	0.5	1.0	0.001	0.001
391	-27067.308901349497	-310.313744734239	-26770.11384363645	13.118687021189738	0.5	1.0	0.001	0.001
413	-27068.049202153146	-311.48014562117464	-26769.68774355316	13.118687021189738	0.5	1.0	0.001	0.001
415	-27038.92412577845	-311.48014562117464	-26740.562667178463	13.118687021189738	0.5	1.0	0.001	0.001
419	-27018.468833368413	-310.11408788502206	-26721.47343250458	13.118687021189738	0.5	1.0	0.001	0.001
420	-27014.916240033588	-309.9424670494908	-26718.092460005286	13.118687021189738	0.5	1.0	0.001	0.001
421	-26973.834656761686	-309.9424670494908	-26677.010876733384	13.118687021189738	0.5	1.0	0.001	0.001
424	-26783.103838509393	-306.1176201060805	-26490.1049054245	13.118687021189738	0.5	1.0	0.001	0.001
426	-26766.26921338219	-341.1109001529705	-26438.27700025041	13.118687021189738	0.5	1.0	0.001	0.001
431	-26766.28351311072	-341.1109001529705	-26438.29129997894	13.118687021189738	0.5	1.0	0.001	0.001
448	-26777.773139330144	-398.0833573695368	-26392.808468981795	13.118687021189738	0.5	1.0	0.001	0.001
454	-26738.53472416811	-352.7852154453196	-26392.808468981795	7.058960259009484	0.5	0.47835212260211746	0.001	0.001
455	-26738.013307300545	-352.46819909702737	-26392.604068462526	7.058960259009484	0.5	0.47835212260211746	0.001	0.001
458	-26738.013311986262	-352.46819909702737	-26392.604073148243	7.058960259009484	0.5	0.47835212260211746	0.001	0.001
459	-26735.564516872226	-352.46819909702737	-26390.155278034206	7.058960259009484	0.5	0.47835212260211746	0.001	0.001
460	-26707.718473744095	-352.46819909702737	-26362.309234906075	7.058960259009484	0.5	0.47835212260211746	0.001	0.001
464	-26694.098457685985	-330.69007342413937	-26362.309234906075	-1.0991493557719032	0.32878244883329294	0.47835212260211746	0.001	0.001
465	-26687.615036930547	-330.69007342413937	-26355.825814150638	-1.0991493557719032	0.32878244883329294	0.47835212260211746	0.001	0.001
469	-26185.625455667443	-332.32714088204403	-25852.19916542963	-1.0991493557719032	0.32878244883329294	0.47835212260211746	0.001	0.001
479	-26181.568724312747	-335.1414546970586	-25845.328120259917	-1.0991493557719032	0.32878244883329294	0.47835212260211746	0.001	0.001
480	-26174.693623848572	-335.1414546970586	-25838.453019795743	-1.0991493557719032	0.32878244883329294	0.47835212260211746	0.001	0.001
483	-26145.727053006896	-334.6467507307416	-25809.981152920383	-1.0991493557719032	0.32878244883329294	0.47835212260211746	0.001	0.001
492	-26120.71319392734	-333.26887041702014	-25786.345174154547	-1.0991493557719032	0.32878244883329294	0.47835212260211746	0.001	0.001
508	-26120.462884454486	-333.2509740038872	-25786.112761094828	-1.0991493557719032	0.32878244883329294	0.47835212260211746	0.001	0.001
510	-26089.9732982623	-333.2509740038872	-25755.62317490264	-1.0991493557719032	0.32878244883329294	0.47835212260211746	0.001	0.001
519	-26082.69132436516	-333.2509740038872	-25748.341201005504	-1.0991493557719032	0.32878244883329294	0.47835212260211746	0.001	0.001
527	-26078.31662346799	-322.31210839761775	-25754.9053657146	-1.0991493557719032	0.32878244883329294	0.47835212260211746	0.001	0.001
529	-26045.848911525056	-307.97626917256906	-25736.773492996716	-1.0991493557719032	0.32878244883329294	0.47835212260211746	0.001	0.001
534	-26035.999601042502	-305.3485168336829	-25729.551934853047	-1.0991493557719032	0.32878244883329294	0.47835212260211746	0.001	0.001
538	-26033.2162766756	-305.13650360415653	-25726.980623715674	-1.0991493557719032	0.32878244883329294	0.47835212260211746	0.001	0.001
555	-26011.300838615356	-303.4108975075714	-25706.790791752013	-1.0991493557719032	0.32878244883329294	0.47835212260211746	0.001	0.001
580	-25969.186972295935	-295.0784591853257	-25673.009363754838	-1.0991493557719032	0.32878244883329294	0.47835212260211746	0.001	0.001
581	-25969.20012225	-295.08355729571605	-25673.017415598515	-1.0991493557719032	0.32878244883329294	0.47835212260211746	0.001	0.001
582	-25966.37750399419	-297.6791606476016	-25667.59919399082	-1.0991493557719032	0.32878244883329294	0.47835212260211746	0.001	0.001
584	-25976.530012780884	-338.5784285142839	-25636.85243491083	-1.0991493557719032	0.32878244883329294	0.47835212260211746	0.001	0.001
589	-25974.2632133395	-342.2628383470067	-25630.901225636724	-1.0991493557719032	0.32878244883329294	0.47835212260211746	0.001	0.001
598	-25838.488566191085	-342.2628383470067	-25495.126578488307	-1.0991493557719032	0.32878244883329294	0.47835212260211746	0.001	0.001
603	-25762.340454889727	-342.2628383470067	-25418.97846718695	-1.0991493557719032	0.32878244883329294	0.47835212260211746	0.001	0.001
604	-25002.13817998408	-342.2628383470067	-24658.7761922813	-1.0991493557719032	0.32878244883329294	0.47835212260211746	0.001	0.001
609	-24977.127608772542	-315.0225602270173	-24661.005899189753	-1.0991493557719032	0.32878244883329294	0.47835212260211746	0.001	0.001
611	-24976.68281708074	-318.17991517619225	-24661.005899189753	2.5029972852061615	0.36408085422351877	0.47835212260211746	0.001	0.001
618	-24873.48737020059	-318.17991517619225	-24557.810452309604	2.5029972852061615	0.36408085422351877	0.47835212260211746	0.001	0.001
622	-24870.02204377318	-320.8205614458887	-24551.704479612497	2.5029972852061615	0.36408085422351877	0.47835212260211746	0.001	0.001
651	-24870.346205982027	-320.8205614458887	-24552.028641821344	2.5029972852061615	0.36408085422351877	0.47835212260211746	0.001	0.001
653	-24858.965611910968	-325.48336259214506	-24535.98524660403	2.5029972852061615	0.36408085422351877	0.47835212260211746	0.001	0.001
656	-24857.162402656704	-322.864366090579	-24536.80103385133	2.5029972852061615	0.36408085422351877	0.47835212260211746	0.001	0.001
666	-24847.933933444456	-319.68571608113257	-24530.751214648528	2.5029972852061615	0.36408085422351877	0.47835212260211746	0.001	0.001
671	-24843.08238187899	-310.7700120799497	-24534.815367084248	2.5029972852061615	0.36408085422351877	0.47835212260211746	0.001	0.001
675	-24842.64810555111	-310.6013501239435	-24534.549752712373	2.5029972852061615	0.36408085422351877	0.47835212260211746	0.001	0.001
676	-24818.822190249717	-310.6013501239435	-24510.72383741098	2.5029972852061615	0.36408085422351877	0.47835212260211746	0.001	0.001
677	-24788.585796085106	-310.029705958468	-24481.059087411846	2.5029972852061615	0.36408085422351877	0.47835212260211746	0.001	0.001
696	-24757.99355007919	-306.743654611242	-24453.752892753157	2.5029972852061615	0.36408085422351877	0.47835212260211746	0.001	0.001
707	-24691.087667384403	-313.50442034494404	-24380.086244324666	2.5029972852061615	0.36408085422351877	0.47835212260211746	0.001	0.001
708	-24690.18999632157	-317.38578163565205	-24375.307211971125	2.5029972852061615	0.36408085422351877	0.47835212260211746	0.001	0.001
722	-24683.76185449874	-316.9698751285837	-24369.294976655365	2.5029972852061615	0.36408085422351877	0.47835212260211746	0.001	0.001
730	-24683.959070375393	-317.9219932665241	-24369.294976655365	3.257899546497981	0.36408085422351877	0.5002356461382556	0.001	0.001
733	-24680.2216138638	-317.9219932665241	-24365.55752014377	3.257899546497981	0.36408085422351877	0.5002356461382556	0.001	0.001
737	-24681.403372831333	-320.5343627003736	-24364.126909677456	3.257899546497981	0.36408085422351877	0.5002356461382556	0.001	0.001
740	-24678.299950038538	-320.5343627003736	-24361.02348688466	3.257899546497981	0.36408085422351877	0.5002356461382556	0.001	0.001
767	-24681.202404201063	-327.51815590499524	-24356.942147842565	3.257899546497981	0.36408085422351877	0.5002356461382556	0.001	0.001
769	-24653.345769876894	-329.6763380693279	-24326.927331354065	3.257899546497981	0.36408085422351877	0.5002356461382556	0.001	0.001
771	-24653.34576775364	-329.6763380693279	-24326.92732923081	3.257899546497981	0.36408085422351877	0.5002356461382556	0.001	0.001
772	-24653.363631457898	-332.34127145088604	-24324.28025955351	3.257899546497981	0.36408085422351877	0.5002356461382556	0.001	0.001
787	-24653.379543292198	-332.34127145088604	-24324.29617138781	3.257899546497981	0.36408085422351877	0.5002356461382556	0.001	0.001
795	-24651.96366867186	-332.34127145088604	-24322.88029676747	3.257899546497981	0.36408085422351877	0.5002356461382556	0.001	0.001
797	-24649.974584577845	-333.84422343478775	-24319.388260689553	3.257899546497981	0.36408085422351877	0.5002356461382556	0.001	0.001
807	-24149.00843679426	-356.5751677565287	-23795.69116858423	3.257899546497981	0.36408085422351877	0.5002356461382556	0.001	0.001
828	-24136.301106160834	-339.9116280815287	-23799.647377625803	3.257899546497981	0.36408085422351877	0.5002356461382556	0.001	0.001
835	-24125.50321377345	-335.0568903936941	-23793.70422292625	3.257899546497981	0.36408085422351877	0.5002356461382556	0.001	0.001
846	-24121.947878977157	-332.51398602462746	-23792.691792499027	3.257899546497981	0.36408085422351877	0.5002356461382556	0.001	0.001
851	-24116.38663848527	-321.2707094617333	-23798.373828570035	3.257899546497981	0.36408085422351877	0.5002356461382556	0.001	0.001
857	-24117.62838578435	-324.2454020692794	-23796.640883261567	3.257899546497981	0.36408085422351877	0.5002356461382556	0.001	0.001
863	-24117.62838578435	-324.2454020692794	-23796.640883261567	3.257899546497981	0.36408085422351877	0.5002356461382556	0.001	0.001
866	-24116.84282610834	-324.1933850862281	-23795.907340568607	3.257899546497981	0.36408085422351877	0.5002356461382556	0.001	0.001
878	-24114.454790621316	-324.70341502128804	-23793.009275146524	3.257899546497981	0.36408085422351877	0.5002356461382556	0.001	0.001
886	-24082.69701136115	-325.5660897578825	-23760.388821149765	3.257899546497981	0.36408085422351877	0.5002356461382556	0.001	0.001
915	-24084.64095630662	-326.83459014804953	-23761.064265705067	3.257899546497981	0.36408085422351877	0.5002356461382556	0.001	0.001
918	-24078.252713065634	-323.731524120773	-23757.77908849136	3.257899546497981	0.36408085422351877	0.5002356461382556	0.001	0.001
923	-24078.761117524824	-323.3702441593157	-23758.648772912005	3.257899546497981	0.36408085422351877	0.5002356461382556	0.001	0.001
938	-24074.001871336506	-320.5294556667186	-23756.730315216286	3.257899546497981	0.36408085422351877	0.5002356461382556	0.001	0.001
939	-24020.54340450895	-322.35240116430623	-23701.44890289114	3.257899546497981	0.36408085422351877	0.5002356461382556	0.001	0.001
940	-24020.050727742957	-322.35240116430623	-23700.95622612515	3.257899546497981	0.36408085422351877	0.5002356461382556	0.001	0.001
942	-24020.07889206723	-322.4189401986363	-23700.91785141509	3.257899546497981	0.36408085422351877	0.5002356461382556	0.001	0.001
949	-24018.502041671873	-322.32452201395984	-23699.43541920441	3.257899546497981	0.36408085422351877	0.5002356461382556	0.001	0.001
969	-24015.01986304113	-322.0176659666908	-23696.260096620936	3.257899546497981	0.36408085422351877	0.5002356461382556	0.001	0.001
987	-24014.223907356227	-322.0033547023981	-23695.478452200325	3.257899546497981	0.36408085422351877	0.5002356461382556	0.001	0.001
1012	-24007.520907046688	-321.8808483400426	-23688.897958253143	3.257899546497981	0.36408085422351877	0.5002356461382556	0.001	0.001
1014	-24007.732630156246	-322.42675330409173	-23688.563776398652	3.257899546497981	0.36408085422351877	0.5002356461382556	0.001	0.001
1016	-24009.204591176633	-325.88847437898653	-23686.574016344144	3.257899546497981	0.36408085422351877	0.5002356461382556	0.001	0.001
1036	-24008.73212115802	-323.31663871014257	-23688.673381994377	3.257899546497981	0.36408085422351877	0.5002356461382556	0.001	0.001
1039	-24009.306270832858	-320.6623223697804	-23691.901848009576	3.257899546497981	0.36408085422351877	0.5002356461382556	0.001	0.001
1043	-23994.007613911457	-320.6623223697804	-23676.603191088176	3.257899546497981	0.36408085422351877	0.5002356461382556	0.001	0.001
1047	-23985.701439458215	-324.373440814865	-23664.585898189845	3.257899546497981	0.36408085422351877	0.5002356461382556	0.001	0.001
1048	-23779.04255546872	-328.77629225319646	-23453.524162762023	3.257899546497981	0.36408085422351877	0.5002356461382556	0.001	0.001
1054	-23766.17675263216	-328.4737999453268	-23440.96085223333	3.257899546497981	0.36408085422351877	0.5002356461382556	0.001	0.001
1058	-23765.861941609204	-328.4737999453268	-23440.646041210373	3.257899546497981	0.36408085422351877	0.5002356461382556	0.001	0.001
1062	-23763.17481107324	-334.29812092229264	-23432.134589697445	3.257899546497981	0.36408085422351877	0.5002356461382556	0.001	0.001
1063	-23667.945378036136	-334.29812092229264	-23336.90515666034	3.257899546497981	0.36408085422351877	0.5002356461382556	0.001	0.001
1088	-23666.220684383636	-334.1873776953418	-23335.29120623479	3.257899546497981	0.36408085422351877	0.5002356461382556	0.001	0.001
1098	-23659.263550293108	-317.35096718941304	-23345.170482650192	3.257899546497981	0.36408085422351877	0.5002356461382556	0.001	0.001
1103	-23655.865964897024	-316.8717896494126	-23342.25207479411	3.257899546497981	0.36408085422351877	0.5002356461382556	0.001	0.001
1105	-23655.865964897024	-316.8717896494126	-23342.25207479411	3.257899546497981	0.36408085422351877	0.5002356461382556	0.001	0.001
1109	-23560.181474271525	-316.8717896494126	-23246.56758416861	3.257899546497981	0.36408085422351877	0.5002356461382556	0.001	0.001
1112	-23561.676314051077	-316.7248730292792	-23248.209340568297	3.257899546497981	0.36408085422351877	0.5002356461382556	0.001	0.001
1115	-23556.85670513687	-316.444725431548	-23243.66987925182	3.257899546497981	0.36408085422351877	0.5002356461382556	0.001	0.001
1126	-23548.156152913958	-316.444725431548	-23234.969327028906	3.257899546497981	0.36408085422351877	0.5002356461382556	0.001	0.001
1128	-23548.156152913958	-316.444725431548	-23234.969327028906	3.257899546497981	0.36408085422351877	0.5002356461382556	0.001	0.001
1134	-23551.15544950835	-325.3419317734218	-23229.071417281426	3.257899546497981	0.36408085422351877	0.5002356461382556	0.001	0.001
1135	-23430.129223460066	-325.3419317734218	-23108.04519123314	3.257899546497981	0.36408085422351877	0.5002356461382556	0.001	0.001
1165	-23333.28029471527	-325.3419317734218	-23011.196262488345	3.257899546497981	0.36408085422351877	0.5002356461382556	0.001	0.001
1176	-23333.516124011858	-325.3419317734218	-23011.432091784933	3.257899546497981	0.36408085422351877	0.5002356461382556	0.001	0.001
1185	-23306.69219319928	-327.03073091197604	-22982.919361833803	3.257899546497981	0.36408085422351877	0.5002356461382556	0.001	0.001
1190	-23305.663695660627	-327.03073091197604	-22981.89086429515	3.257899546497981	0.36408085422351877	0.5002356461382556	0.001	0.001
1192	-23305.285410374923	-327.03073091197604	-22981.512579009446	3.257899546497981	0.36408085422351877	0.5002356461382556	0.001	0.001
1196	-23237.817179258494	-325.7581280460329	-22915.31695075896	3.257899546497981	0.36408085422351877	0.5002356461382556	0.001	0.001
1197	-23237.436621505025	-325.7581280460329	-22914.93639300549	3.257899546497981	0.36408085422351877	0.5002356461382556	0.001	0.001
1198	-23227.776682890577	-325.6326438538025	-22905.401938583273	3.257899546497981	0.36408085422351877	0.5002356461382556	0.001	0.001
1205	-23222.33663987011	-325.6326438538025	-22899.961895562807	3.257899546497981	0.36408085422351877	0.5002356461382556	0.001	0.001
1218	-23214.783752429532	-325.96568853209885	-22892.07596344393	3.257899546497981	0.36408085422351877	0.5002356461382556	0.001	0.001
1221	-23208.76742874419	-323.32944835907284	-22888.695879931616	3.257899546497981	0.36408085422351877	0.5002356461382556	0.001	0.001
1223	-23209.4510495952	-325.088154936511	-22887.620794205188	3.257899546497981	0.36408085422351877	0.5002356461382556	0.001	0.001
1230	-23206.444182938056	-322.4737620981101	-22887.228320386443	3.257899546497981	0.36408085422351877	0.5002356461382556	0.001	0.001
1239	-23205.761943385798	-322.78107514601714	-22886.23876778628	3.257899546497981	0.36408085422351877	0.5002356461382556	0.001	0.001
1242	-23200.582978323044	-322.78107514601714	-22881.059802723525	3.257899546497981	0.36408085422351877	0.5002356461382556	0.001	0.001
1270	-23185.259646164282	-321.3809075383676	-22867.13663817241	3.257899546497981	0.36408085422351877	0.5002356461382556	0.001	0.001
1271	-23185.259646164282	-321.3809075383676	-22867.13663817241	3.257899546497981	0.36408085422351877	0.5002356461382556	0.001	0.001
1275	-23171.99766240255	-321.9663696516602	-22853.289192297387	3.257899546497981	0.36408085422351877	0.5002356461382556	0.001	0.001
1293	-23171.99766240255	-321.9663696516602	-22853.289192297387	3.257899546497981	0.36408085422351877	0.5002356461382556	0.001	0.001
1308	-22815.65284949407	-321.9663696516602	-22496.944379388904	3.257899546497981	0.36408085422351877	0.5002356461382556	0.001	0.001
1321	-22805.065431843075	-324.4413229977026	-22483.88200839187	3.257899546497981	0.36408085422351877	0.5002356461382556	0.001	0.001
1330	-22805.55810605301	-324.4413229977026	-22484.374682601803	3.257899546497981	0.36408085422351877	0.5002356461382556	0.001	0.001
1334	-22804.621510080724	-323.92201510118593	-22483.957394526034	3.257899546497981	0.36408085422351877	0.5002356461382556	0.001	0.001
1345	-21906.235156459676	-323.92201510118593	-21585.571040904986	3.257899546497981	0.36408085422351877	0.5002356461382556	0.001	0.001
1349	-21905.464012260767	-323.7935067595609	-21584.928405047704	3.257899546497981	0.36408085422351877	0.5002356461382556	0.001	0.001
1351	-21903.89040060065	-323.16285523799195	-21583.985444909154	3.257899546497981	0.36408085422351877	0.5002356461382556	0.001	0.001
1356	-21903.830263924294	-321.2774414834357	-21583.985444909154	1.432622468297014	0.36408085422351877	0.4509890638680134	0.001	0.001
1372	-21896.975617085405	-312.72785953235586	-21585.680380021346	1.432622468297014	0.36408085422351877	0.4509890638680134	0.001	0.001
1381	-21278.076858774366	-294.38518582970346	-20985.12429541296	1.432622468297014	0.36408085422351877	0.4509890638680134	0.001	0.001
1382	-21273.25533349615	-294.2769577604401	-20980.410998204003	1.432622468297014	0.36408085422351877	0.4509890638680134	0.001	0.001
1395	-21272.953116437027	-297.0328155076398	-20977.352923397684	1.432622468297014	0.36408085422351877	0.4509890638680134	0.001	0.001
1397	-21269.59929238877	-297.55603955114935	-20973.475875305918	1.432622468297014	0.36408085422351877	0.4509890638680134	0.001	0.001
1404	-21211.982535613202	-297.55603955114935	-20915.85911853035	1.432622468297014	0.36408085422351877	0.4509890638680134	0.001	0.001
1415	-21207.119441749746	-297.4581641157758	-20911.093900102267	1.432622468297014	0.36408085422351877	0.4509890638680134	0.001	0.001
1418	-21196.5110390983	-280.3271447853572	-20917.616516781236	1.432622468297014	0.36408085422351877	0.4509890638680134	0.001	0.001
1420	-21190.631590213114	-277.92497484381465	-20914.139237837593	1.432622468297014	0.36408085422351877	0.4509890638680134	0.001	0.001
1429	-21183.256270842012	-276.9888993555372	-20907.69999395477	1.432622468297014	0.36408085422351877	0.4509890638680134	0.001	0.001
1446	-21181.278320740417	-276.801391354393	-20905.909551854318	1.432622468297014	0.36408085422351877	0.4509890638680134	0.001	0.001
1450	-21174.121254725374	-273.89647452823374	-20901.657402665434	1.432622468297014	0.36408085422351877	0.4509890638680134	0.001	0.001
1452	-21114.475215755767	-271.9467956020354	-20843.961042622028	1.432622468297014	0.36408085422351877	0.4509890638680134	0.001	0.001
1483	-21114.475304454692	-271.9467956020354	-20843.961131320953	1.432622468297014	0.36408085422351877	0.4509890638680134	0.001	0.001
1498	-21114.476256516242	-271.9467956020354	-20843.962083382503	1.432622468297014	0.36408085422351877	0.4509890638680134	0.001	0.001
1500	-21114.303119684457	-271.4092982072	-20844.326443945552	1.432622468297014	0.36408085422351877	0.4509890638680134	0.001	0.001
1504	-21119.124063783423	-274.1760683782864	-20846.380617873434	1.432622468297014	0.36408085422351877	0.4509890638680134	0.001	0.001
1515	-21116.279366292943	-274.1760683782864	-20843.535920382954	1.432622468297014	0.36408085422351877	0.4509890638680134	0.001	0.001
1517	-21115.982058860976	-277.41731694814655	-20843.535920382954	4.971178470123862	0.36408085422351877	0.5612907806017623	0.001	0.001
1537	-21110.34405860192	-274.4862976834282	-20840.82893938862	4.971178470123862	0.36408085422351877	0.5612907806017623	0.001	0.001
1547	-21110.14234786074	-274.48312233053326	-20840.63040400033	4.971178470123862	0.36408085422351877	0.5612907806017623	0.001	0.001
1550	-21110.14234786074	-274.48312233053326	-20840.63040400033	4.971178470123862	0.36408085422351877	0.5612907806017623	0.001	0.001
1570	-21109.946260273657	-274.48312233053326	-20840.434316413248	4.971178470123862	0.36408085422351877	0.5612907806017623	0.001	0.001
1575	-21109.946260273657	-274.48312233053326	-20840.434316413248	4.971178470123862	0.36408085422351877	0.5612907806017623	0.001	0.001
1583	-21111.567233247726	-275.1713264299946	-20841.367085287857	4.971178470123862	0.36408085422351877	0.5612907806017623	0.001	0.001
1590	-21115.15014288649	-275.3935350691311	-20844.727786287483	4.971178470123862	0.36408085422351877	0.5612907806017623	0.001	0.001
1607	-21114.103122061304	-277.9356359447212	-20841.138664586706	4.971178470123862	0.36408085422351877	0.5612907806017623	0.001	0.001
1612	-21121.604132280812	-292.0842001655929	-20834.491110585343	4.971178470123862	0.36408085422351877	0.5612907806017623	0.001	0.001
1619	-21115.91207557333	-282.0255734883475	-20838.85768055511	4.971178470123862	0.36408085422351877	0.5612907806017623	0.001	0.001
1625	-21115.91207557333	-282.0255734883475	-20838.85768055511	4.971178470123862	0.36408085422351877	0.5612907806017623	0.001	0.001
1628	-21111.691142000665	-282.0255734883475	-20834.636746982444	4.971178470123862	0.36408085422351877	0.5612907806017623	0.001	0.001
1639	-21113.041374946075	-284.71011445172275	-20833.302438964478	4.971178470123862	0.36408085422351877	0.5612907806017623	0.001	0.001
1640	-21109.098363339992	-275.90336003590136	-20838.166181774217	4.971178470123862	0.36408085422351877	0.5612907806017623	0.001	0.001
1641	-21102.65666258835	-275.4735964601953	-20832.154244598278	4.971178470123862	0.36408085422351877	0.5612907806017623	0.001	0.001
1647	-21089.677907544537	-275.4735964601953	-20819.175489554465	4.971178470123862	0.36408085422351877	0.5612907806017623	0.001	0.001
1653	-21089.66089617367	-275.4735964601953	-20819.1584781836	4.971178470123862	0.36408085422351877	0.5612907806017623	0.001	0.001
1660	-21078.506117455716	-275.7780251330272	-20807.699270792815	4.971178470123862	0.36408085422351877	0.5612907806017623	0.001	0.001
1683	-21080.135578320358	-275.9784153739781	-20809.128341416505	4.971178470123862	0.36408085422351877	0.5612907806017623	0.001	0.001
1689	-21082.42282082043	-282.76977245437496	-20804.62422683618	4.971178470123862	0.36408085422351877	0.5612907806017623	0.001	0.001
1690	-21082.423227622865	-282.76977245437496	-20804.624633638614	4.971178470123862	0.36408085422351877	0.5612907806017623	0.001	0.001
1692	-21080.63455084627	-282.76977245437496	-20802.835956862018	4.971178470123862	0.36408085422351877	0.5612907806017623	0.001	0.001
1709	-21081.576899985987	-285.00146063942356	-20801.546617816686	4.971178470123862	0.36408085422351877	0.5612907806017623	0.001	0.001
1713	-21082.393617022277	-286.12572705786465	-20801.239068434537	4.971178470123862	0.36408085422351877	0.5612907806017623	0.001	0.001
1715	-21080.699434212223	-282.02387056556256	-20803.646742116787	4.971178470123862	0.36408085422351877	0.5612907806017623	0.001	0.001
1729	-21079.986183467558	-284.1606801923595	-20803.646742116787	7.821238841587539	0.4092348978257727	0.5612907806017623	0.001	0.001
1739	-21079.334568609305	-283.97481212213285	-20803.18099532876	7.821238841587539	0.4092348978257727	0.5612907806017623	0.001	0.001
1751	-21086.77776634419	-298.3952237709434	-20796.203781414835	7.821238841587539	0.4092348978257727	0.5612907806017623	0.001	0.001
1759	-21083.954621685563	-295.9092313230457	-20795.866629204105	7.821238841587539	0.4092348978257727	0.5612907806017623	0.001	0.001
1775	-21072.154039711186	-289.64912879894763	-20790.326149753826	7.821238841587539	0.4092348978257727	0.5612907806017623	0.001	0.001
1779	-21072.154039711186	-289.64912879894763	-20790.326149753826	7.821238841587539	0.4092348978257727	0.5612907806017623	0.001	0.001
1782	-21067.174765822692	-279.8214320608376	-20795.174572603442	7.821238841587539	0.4092348978257727	0.5612907806017623	0.001	0.001
1784	-21053.123151657455	-279.8214320608376	-20781.122958438205	7.821238841587539	0.4092348978257727	0.5612907806017623	0.001	0.001
1791	-21045.570741497937	-277.65229534951595	-20775.73968499001	7.821238841587539	0.4092348978257727	0.5612907806017623	0.001	0.001
1798	-20991.32160283126	-280.0667672018888	-20719.07607447096	7.821238841587539	0.4092348978257727	0.5612907806017623	0.001	0.001
1801	-20990.48080681941	-277.9792145928138	-20720.322831068184	7.821238841587539	0.4092348978257727	0.5612907806017623	0.001	0.001
1807	-20994.027086673606	-285.80152457387953	-20716.046800941316	7.821238841587539	0.4092348978257727	0.5612907806017623	0.001	0.001
1810	-20994.184909982345	-283.53745987043897	-20716.046800941316	5.399350829413307	0.36940424152705154	0.5612907806017623	0.001	0.001
1843	-20988.319889647122	-279.8525045970016	-20713.866735879532	5.399350829413307	0.36940424152705154	0.5612907806017623	0.001	0.001
1845	-20988.319889647122	-279.8525045970016	-20713.866735879532	5.399350829413307	0.36940424152705154	0.5612907806017623	0.001	0.001
1852	-20988.319889647122	-279.8525045970016	-20713.866735879532	5.399350829413307	0.36940424152705154	0.5612907806017623	0.001	0.001
1854	-20992.15629832231	-286.87848682333845	-20710.677162328382	5.399350829413307	0.36940424152705154	0.5612907806017623	0.001	0.001
1856	-20953.144528694196	-286.87848682333845	-20671.66539270027	5.399350829413307	0.36940424152705154	0.5612907806017623	0.001	0.001
1860	-20953.072979062636	-287.1021779932253	-20671.66539270027	5.694591630860816	0.37328525615441804	0.5612907806017623	0.001	0.001
1875	-20951.971647628914	-287.1021779932253	-20670.56406126655	5.694591630860816	0.37328525615441804	0.5612907806017623	0.001	0.001
1885	-20921.766602269458	-288.05683406913425	-20639.404359831184	5.694591630860816	0.37328525615441804	0.5612907806017623	0.001	0.001
1891	-20919.010874530915	-285.4056337703706	-20639.299832391407	5.694591630860816	0.37328525615441804	0.5612907806017623	0.001	0.001
1900	-20919.324611978325	-285.9325653569314	-20639.086638252254	5.694591630860816	0.37328525615441804	0.5612907806017623	0.001	0.001
1907	-20916.09295909535	-285.88042836368874	-20635.90712236252	5.694591630860816	0.37328525615441804	0.5612907806017623	0.001	0.001
1913	-20902.576411226957	-288.0418061068815	-20620.229196750937	5.694591630860816	0.37328525615441804	0.5612907806017623	0.001	0.001
1918	-20900.270078646885	-284.18690733543804	-20621.777762942307	5.694591630860816	0.37328525615441804	0.5612907806017623	0.001	0.001
1931	-20899.955096272868	-284.18690733543804	-20621.46278056829	5.694591630860816	0.37328525615441804	0.5612907806017623	0.001	0.001
1963	-20829.231348359182	-288.60233157095377	-20546.32360841909	5.694591630860816	0.37328525615441804	0.5612907806017623	0.001	0.001
1965	-20829.231348359182	-288.60233157095377	-20546.32360841909	5.694591630860816	0.37328525615441804	0.5612907806017623	0.001	0.001
1972	-20823.678672711634	-288.60233157095377	-20540.770932771542	5.694591630860816	0.37328525615441804	0.5612907806017623	0.001	0.001
1973	-20824.64124879745	-290.474047586232	-20540.770932771542	6.603731560325677	0.37328525615441804	0.6035266981031995	0.001	0.001
1986	-20824.64124879745	-290.474047586232	-20540.770932771542	6.603731560325677	0.37328525615441804	0.6035266981031995	0.001	0.001
1993	-20816.164049045125	-289.92283157326983	-20532.84494903218	6.603731560325677	0.37328525615441804	0.6035266981031995	0.001	0.001
