Sample				posterior				seedbankTreeDensity				treeLikelihood				prior				transitionRate				relativeSeedbankSize				dormantScaling				mutationRate
15	SS					209.9312						-0.6933						210.6245						0.0000						0.0000						0.0000						0.0000						0.0000
22	TS					274.7783						-8.5238						283.3021						0.0000						0.0000						0.0000						0.0000						0.0000
29	SS					199.7671						-1.1388						200.9059						0.0000						0.0000						0.0000						0.0000						0.0000
34	PB					48.1591						-3.5309						51.6900						0.0000						0.0000						0.0000						0.0000						0.0000
35						48.2224						0.0000						48.2224						0.0000						0.0000						0.0000						0.0000						0.0000
50	PB					16.7667						-0.6800						17.4467						0.0000						0.0000						0.0000						0.0000						0.0000
51						-1.0438						0.0000						-1.0438						0.0000						0.0000						0.0000						0.0000						0.0000
53	WB					618.9251						0.1178						618.8073						0.0000						0.0000						0.0000						0.0000						0.0000
54						29.6679						-0.3899						30.0578						0.0000						0.0000						0.0000						0.0000						0.0000
55						477.0618						0.0000						477.0618						0.0000						0.0000						0.0000						0.0000						0.0000
76	PB					-1.8411						-1.4204						-0.4207						0.0000						0.0000						0.0000						0.0000						0.0000
88						-1.5225						-0.2026						-1.3199						0.0000						0.0000						0.0000						0.0000						0.0000
95						-1.1052						-1.0346						-0.0706						0.0000						0.0000						0.0000						0.0000						0.0000
100						0.0000						0.0000						0.0000						0.0000						0.0000						0.0000						0.0000						0.0000
108						42.6991						0.0000						42.6991						0.0000						0.0000						0.0000						0.0000						0.0000
113	TS					232.6423						-11.0293						243.6716						0.0000						0.0000						0.0000						0.0000						0.0000
119	TS					193.4245						-11.3835						204.8080						0.0000						0.0000						0.0000						0.0000						0.0000
120	TS					141.5500						-10.0405						151.5905						0.0000						0.0000						0.0000						0.0000						0.0000
127	TS					56.1292						-4.4841						60.6133						0.0000						0.0000						0.0000						0.0000						0.0000
129	TS					197.9044						-18.8143						216.7187						0.0000						0.0000						0.0000						0.0000						0.0000
130	TS					39.7453						-4.4896						44.2349						0.0000						0.0000						0.0000						0.0000						0.0000
133	TS					36.2138						-4.3525						40.5663						0.0000						0.0000						0.0000						0.0000						0.0000
137 SS					5.5764						1.2613						4.3151						0.0000						0.0000						0.0000						0.0000						0.0000
139	TS					23.9409						-2.9791						26.9200						0.0000						0.0000						0.0000						0.0000						0.0000
140	WB					565.2132						-4.7145						569.9277						0.0000						0.0000						0.0000						0.0000						0.0000
142						5.6082						0.0000						5.6082						0.0000						0.0000						0.0000						0.0000						0.0000
145						2.3895						1.4616						0.9279						0.0000						0.0000						0.0000						0.0000						0.0000
148	PB					12.2384						-0.6490						12.8874						0.0000						0.0000						0.0000						0.0000						0.0000
149						32.5679						-0.7543						33.3222						0.0000						0.0000						0.0000						0.0000						0.0000
160	PB					-2.1436						-1.4227						-0.7209						0.0000						0.0000						0.0000						0.0000						0.0000
165						0.3772						-0.0444						0.4217						0.0000						0.0000						0.0000						0.0000						0.0000
169	TS					97.9094						-14.5991						112.5086						0.0000						0.0000						0.0000						0.0000						0.0000
171						6.4228						0.0000						6.4228						0.0000						0.0000						0.0000						0.0000						0.0000
173						50.1330						-8.7206						58.8536						0.0000						0.0000						0.0000						0.0000						0.0000
175	PB					-1.2373						-1.3178						0.0804						0.0000						0.0000						0.0000						0.0000						0.0000
179						-0.2937						0.0000						-0.2937						0.0000						0.0000						0.0000						0.0000						0.0000
183	XN					326.7052						0.0000						326.7052						0.0000						0.0000						0.0000						0.0000						0.0000
186	TS					38.5373						-8.1895						46.7267						0.0000						0.0000						0.0000						0.0000						0.0000
193						0.0000						0.0000						0.0000						0.0000						0.0000						0.0000						0.0000						0.0000
200						0.0001						0.0000						0.0001						0.0000						0.0000						0.0000						0.0000						0.0000
202	XW					34.4016						0.0000						34.4016						0.0000						0.0000						0.0000						0.0000						0.0000
203	TS					114.8582						-32.1923						147.0505						0.0000						0.0000						0.0000						0.0000						0.0000
208	TS					73.8227						-34.0308						107.8535						0.0000						0.0000						0.0000						0.0000						0.0000
217	SS					172.9865						-1.0280						174.0144						0.0000						0.0000						0.0000						0.0000						0.0000
230						3.0452						0.2793						2.7658						0.0000						0.0000						0.0000						0.0000						0.0000
233						31.0384						0.0000						31.0384						0.0000						0.0000						0.0000						0.0000						0.0000
240						32.0830						-26.3436						58.4266						0.0000						0.0000						0.0000						0.0000						0.0000
245	WB					674.0529						-1.6798						675.7327						0.0000						0.0000						0.0000						0.0000						0.0000
246	PB					3.3364						-1.1584						4.4948						0.0000						0.0000						0.0000						0.0000						0.0000
247	WB					424.5650						0.8038						423.7612						0.0000						0.0000						0.0000						0.0000						0.0000
251						2.2012						1.3839						0.8173						0.0000						0.0000						0.0000						0.0000						0.0000
253						0.0000						0.0000						0.0000						0.0000						0.0000						0.0000						0.0000						0.0000
254						7.7491						0.0000						7.7491						0.0000						0.0000						0.0000						0.0000						0.0000
266						11.6299						0.1927						11.4373						0.0000						0.0000						0.0000						0.0000						0.0000
271						0.0000						0.0000						0.0000						0.0000						0.0000						0.0000						0.0000						0.0000
272						11.1399						1.0964						10.0435						0.0000						0.0000						0.0000						0.0000						0.0000
279						8.0324						-49.6182						57.6505						0.0000						0.0000						0.0000						0.0000						0.0000
280	SS					147.1942						-4.8255						152.0197						0.0000						0.0000						0.0000						0.0000						0.0000
281						4.8616						2.4833						2.3783						0.0000						0.0000						0.0000						0.0000						0.0000
292						1.6794						0.1579						1.5215						0.0000						0.0000						0.0000						0.0000						0.0000
293						-0.2410						0.0000						-0.2410						0.0000						0.0000						0.0000						0.0000						0.0000
300						9.9025						-0.3332						10.2357						0.0000						0.0000						0.0000						0.0000						0.0000
305	XW					1095.3524						0.0000						1095.3524						0.0000						0.0000						0.0000						0.0000						0.0000
308						7.8756						3.5634						4.3121						0.0000						0.0000						0.0000						0.0000						0.0000
312						12.2807						28.5772						-16.2965						0.0000						0.0000						0.0000						0.0000						0.0000
321						32.3694						0.0000						32.3694						0.0000						0.0000						0.0000						0.0000						0.0000
329						2.5664						-1.1967						3.7631						0.0000						0.0000						0.0000						0.0000						0.0000
331						69.6199						1.1164						68.5034						0.0000						0.0000						0.0000						0.0000						0.0000
334						-0.3804						0.0000						-0.3804						0.0000						0.0000						0.0000						0.0000						0.0000
345	WB					648.1677						11.8494						636.3182						0.0000						0.0000						0.0000						0.0000						0.0000
351						11.1544						0.0000						11.1544						0.0000						0.0000						0.0000						0.0000						0.0000
356						115.0495						-3.1120						118.1615						0.0000						0.0000						0.0000						0.0000						0.0000
367						5.0532						0.0000						5.0532						0.0000						0.0000						0.0000						0.0000						0.0000
368						0.2454						-0.3579						0.6033						0.0000						0.0000						0.0000						0.0000						0.0000
371						17.1950						1.4534						15.7416						0.0000						0.0000						0.0000						0.0000						0.0000
376						-0.4627						0.0000						-0.4627						0.0000						0.0000						0.0000						0.0000						0.0000
380						-0.0559						0.0000						-0.0559						0.0000						0.0000						0.0000						0.0000						0.0000
382						62.2888						-0.5732						62.8619						0.0000						0.0000						0.0000						0.0000						0.0000
391						97.0501						6.3364						90.7137						0.0000						0.0000						0.0000						0.0000						0.0000
413						-0.7403						-1.1664						0.4261						0.0000						0.0000						0.0000						0.0000						0.0000
415						29.1251						0.0000						29.1251						0.0000						0.0000						0.0000						0.0000						0.0000
419						20.4553						1.3661						19.0892						0.0000						0.0000						0.0000						0.0000						0.0000
420						3.5526						0.1716						3.3810						0.0000						0.0000						0.0000						0.0000						0.0000
421						41.0816						0.0000						41.0816						0.0000						0.0000						0.0000						0.0000						0.0000
424						190.7308						3.8248						186.9060						0.0000						0.0000						0.0000						0.0000						0.0000
426						16.8346						-34.9933						51.8279						0.0000						0.0000						0.0000						0.0000						0.0000
431						-0.0143						0.0000						-0.0143						0.0000						0.0000						0.0000						0.0000						0.0000
448						-11.4896						-56.9725						45.4828						0.0000						0.0000						0.0000						0.0000						0.0000
454						39.2384						45.2981						0.0000						-6.0597						0.0000						-0.5216						0.0000						0.0000
455						0.5214						0.3170						0.2044						0.0000						0.0000						0.0000						0.0000						0.0000
458						-0.0000						0.0000						-0.0000						0.0000						0.0000						0.0000						0.0000						0.0000
459						2.4488						0.0000						2.4488						0.0000						0.0000						0.0000						0.0000						0.0000
460						27.8460						0.0000						27.8460						0.0000						0.0000						0.0000						0.0000						0.0000
464						13.6200						21.7781						0.0000						-8.1581						-0.1712						0.0000						0.0000						0.0000
465						6.4834						0.0000						6.4834						0.0000						0.0000						0.0000						0.0000						0.0000
469						501.9896						-1.6371						503.6266						0.0000						0.0000						0.0000						0.0000						0.0000
479						4.0567						-2.8143						6.8710						0.0000						0.0000						0.0000						0.0000						0.0000
480						6.8751						0.0000						6.8751						0.0000						0.0000						0.0000						0.0000						0.0000
483						28.9666						0.4947						28.4719						0.0000						0.0000						0.0000						0.0000						0.0000
492						25.0139						1.3779						23.6360						0.0000						0.0000						0.0000						0.0000						0.0000
508						0.2503						0.0179						0.2324						0.0000						0.0000						0.0000						0.0000						0.0000
510						30.4896						0.0000						30.4896						0.0000						0.0000						0.0000						0.0000						0.0000
519						7.2820						0.0000						7.2820						0.0000						0.0000						0.0000						0.0000						0.0000
527						4.3747						10.9389						-6.5642						0.0000						0.0000						0.0000						0.0000						0.0000
529	PB					32.4677						14.3358						18.1319						0.0000						0.0000						0.0000						0.0000						0.0000
534	PB					9.8493						2.6278						7.2216						0.0000						0.0000						0.0000						0.0000						0.0000
538	PB					2.7833						0.2120						2.5713						0.0000						0.0000						0.0000						0.0000						0.0000
555	PB					21.9154						1.7256						20.1898						0.0000						0.0000						0.0000						0.0000						0.0000
580						42.1139						8.3324						33.7814						0.0000						0.0000						0.0000						0.0000						0.0000
581						-0.0131						-0.0051						-0.0081						0.0000						0.0000						0.0000						0.0000						0.0000
582						2.8226						-2.5956						5.4182						0.0000						0.0000						0.0000						0.0000						0.0000
584						-10.1525						-40.8993						30.7468						0.0000						0.0000						0.0000						0.0000						0.0000
589						2.2668						-3.6844						5.9512						0.0000						0.0000						0.0000						0.0000						0.0000
598						135.7746						0.0000						135.7746						0.0000						0.0000						0.0000						0.0000						0.0000
603						76.1481						0.0000						76.1481						0.0000						0.0000						0.0000						0.0000						0.0000
604	XW					760.2023						0.0000						760.2023						0.0000						0.0000						0.0000						0.0000						0.0000
609						25.0106						27.2403						-2.2297						0.0000						0.0000						0.0000						0.0000						0.0000
611	***					0.4448						-3.1574						0.0000						3.6021						0.0353						0.0000						0.0000						0.0000
618						103.1954						0.0000						103.1954						0.0000						0.0000						0.0000						0.0000						0.0000
622						3.4653						-2.6406						6.1060						0.0000						0.0000						0.0000						0.0000						0.0000
651						-0.3242						0.0000						-0.3242						0.0000						0.0000						0.0000						0.0000						0.0000
653						11.3806						-4.6628						16.0434						0.0000						0.0000						0.0000						0.0000						0.0000
656						1.8032						2.6190						-0.8158						0.0000						0.0000						0.0000						0.0000						0.0000
666						9.2285						3.1787						6.0498						0.0000						0.0000						0.0000						0.0000						0.0000
671						4.8516						8.9157						-4.0642						0.0000						0.0000						0.0000						0.0000						0.0000
675						0.4343						0.1687						0.2656						0.0000						0.0000						0.0000						0.0000						0.0000
676						23.8259						0.0000						23.8259						0.0000						0.0000						0.0000						0.0000						0.0000
677						30.2364						0.5716						29.6647						0.0000						0.0000						0.0000						0.0000						0.0000
696						30.5922						3.2861						27.3062						0.0000						0.0000						0.0000						0.0000						0.0000
707						66.9059						-6.7608						73.6666						0.0000						0.0000						0.0000						0.0000						0.0000
708						0.8977						-3.8814						4.7790						0.0000						0.0000						0.0000						0.0000						0.0000
722						6.4281						0.4159						6.0122						0.0000						0.0000						0.0000						0.0000						0.0000
730						-0.1972						-0.9521						0.0000						0.7549						0.0000						0.0219						0.0000						0.0000
733						3.7375						0.0000						3.7375						0.0000						0.0000						0.0000						0.0000						0.0000
737						-1.1818						-2.6124						1.4306						0.0000						0.0000						0.0000						0.0000						0.0000
740						3.1034						0.0000						3.1034						0.0000						0.0000						0.0000						0.0000						0.0000
767						-2.9025						-6.9838						4.0813						0.0000						0.0000						0.0000						0.0000						0.0000
769						27.8566						-2.1582						30.0148						0.0000						0.0000						0.0000						0.0000						0.0000
771						0.0000						0.0000						0.0000						0.0000						0.0000						0.0000						0.0000						0.0000
772						-0.0179						-2.6649						2.6471						0.0000						0.0000						0.0000						0.0000						0.0000
787						-0.0159						0.0000						-0.0159						0.0000						0.0000						0.0000						0.0000						0.0000
795						1.4159						0.0000						1.4159						0.0000						0.0000						0.0000						0.0000						0.0000
797						1.9891						-1.5030						3.4920						0.0000						0.0000						0.0000						0.0000						0.0000
807	WB					500.9661					  -22.7309						523.6971						0.0000						0.0000						0.0000						0.0000						0.0000
828						12.7073						16.6635						-3.9562						0.0000						0.0000						0.0000						0.0000						0.0000
835						10.7979						4.8547						5.9432						0.0000						0.0000						0.0000						0.0000						0.0000
846						3.5553						2.5429						1.0124						0.0000						0.0000						0.0000						0.0000						0.0000
851						5.5612						11.2433						-5.6820						0.0000						0.0000						0.0000						0.0000						0.0000
857						-1.2417						-2.9747						1.7329						0.0000						0.0000						0.0000						0.0000						0.0000
863						0.0000						0.0000						0.0000						0.0000						0.0000						0.0000						0.0000						0.0000
866						0.7856						0.0520						0.7335						0.0000						0.0000						0.0000						0.0000						0.0000
878						2.3880						-0.5100						2.8981						0.0000						0.0000						0.0000						0.0000						0.0000
886						31.7578						-0.8627						32.6205						0.0000						0.0000						0.0000						0.0000						0.0000
915						-1.9439						-1.2685						-0.6754						0.0000						0.0000						0.0000						0.0000						0.0000
918						6.3882						3.1031						3.2852						0.0000						0.0000						0.0000						0.0000						0.0000
923						-0.5084						0.3613						-0.8697						0.0000						0.0000						0.0000						0.0000						0.0000
938						4.7592						2.8408						1.9185						0.0000						0.0000						0.0000						0.0000						0.0000
939						53.4585						-1.8229						55.2814						0.0000						0.0000						0.0000						0.0000						0.0000
940						0.4927						0.0000						0.4927						0.0000						0.0000						0.0000						0.0000						0.0000
942						-0.0282						-0.0665						0.0384						0.0000						0.0000						0.0000						0.0000						0.0000
949						1.5769						0.0944						1.4824						0.0000						0.0000						0.0000						0.0000						0.0000
969						3.4822						0.3069						3.1753						0.0000						0.0000						0.0000						0.0000						0.0000
987						0.7960						0.0143						0.7816						0.0000						0.0000						0.0000						0.0000						0.0000
1012						6.7030						0.1225						6.5805						0.0000						0.0000						0.0000						0.0000						0.0000
1014						-0.2117						-0.5459						0.3342						0.0000						0.0000						0.0000						0.0000						0.0000
1016						-1.4720						-3.4617						1.9898						0.0000						0.0000						0.0000						0.0000						0.0000
1036						0.4725						2.5718						-2.0994						0.0000						0.0000						0.0000						0.0000						0.0000
1039						-0.5741						2.6543						-3.2285						0.0000						0.0000						0.0000						0.0000						0.0000
1043						15.2987						0.0000						15.2987						0.0000						0.0000						0.0000						0.0000						0.0000
1047						8.3062						-3.7111						12.0173						0.0000						0.0000						0.0000						0.0000						0.0000
1048	SS					206.6589						-4.4029						211.0617						0.0000						0.0000						0.0000						0.0000						0.0000
1054						12.8658						0.3025						12.5633						0.0000						0.0000						0.0000						0.0000						0.0000
1058						0.3148						0.0000						0.3148						0.0000						0.0000						0.0000						0.0000						0.0000
1062						2.6871						-5.8243						8.5115						0.0000						0.0000						0.0000						0.0000						0.0000
1063						95.2294						0.0000						95.2294						0.0000						0.0000						0.0000						0.0000						0.0000
1088						1.7247						0.1107						1.6140						0.0000						0.0000						0.0000						0.0000						0.0000
1098						6.9571						16.8364						-9.8793						0.0000						0.0000						0.0000						0.0000						0.0000
1103						3.3976						0.4792						2.9184						0.0000						0.0000						0.0000						0.0000						0.0000
1105						0.0000						0.0000						0.0000						0.0000						0.0000						0.0000						0.0000						0.0000
1109						95.6845						0.0000						95.6845						0.0000						0.0000						0.0000						0.0000						0.0000
1112						-1.4948						0.1469						-1.6418						0.0000						0.0000						0.0000						0.0000						0.0000
1115						4.8196						0.2801						4.5395						0.0000						0.0000						0.0000						0.0000						0.0000
1126						8.7006						0.0000						8.7006						0.0000						0.0000						0.0000						0.0000						0.0000
1128						0.0000						0.0000						0.0000						0.0000						0.0000						0.0000						0.0000						0.0000
1134						-2.9993						-8.8972						5.8979						0.0000						0.0000						0.0000						0.0000						0.0000
1135						121.0262						0.0000						121.0262						0.0000						0.0000						0.0000						0.0000						0.0000
1165						96.8489						0.0000						96.8489						0.0000						0.0000						0.0000						0.0000						0.0000
1176						-0.2358						0.0000						-0.2358						0.0000						0.0000						0.0000						0.0000						0.0000
1185						26.8239						-1.6888						28.5127						0.0000						0.0000						0.0000						0.0000						0.0000
1190						1.0285						0.0000						1.0285						0.0000						0.0000						0.0000						0.0000						0.0000
1192						0.3783						0.0000						0.3783						0.0000						0.0000						0.0000						0.0000						0.0000
1196						67.4682						1.2726						66.1956						0.0000						0.0000						0.0000						0.0000						0.0000
1197						0.3806						0.0000						0.3806						0.0000						0.0000						0.0000						0.0000						0.0000
1198						9.6599						0.1255						9.5345						0.0000						0.0000						0.0000						0.0000						0.0000
1205						5.4400						0.0000						5.4400						0.0000						0.0000						0.0000						0.0000						0.0000
1218						7.5529						-0.3330						7.8859						0.0000						0.0000						0.0000						0.0000						0.0000
1221						6.0163						2.6362						3.3801						0.0000						0.0000						0.0000						0.0000						0.0000
1223						-0.6836						-1.7587						1.0751						0.0000						0.0000						0.0000						0.0000						0.0000
1230						3.0069						2.6144						0.3925						0.0000						0.0000						0.0000						0.0000						0.0000
1239						0.6822						-0.3073						0.9896						0.0000						0.0000						0.0000						0.0000						0.0000
1242						5.1790						0.0000						5.1790						0.0000						0.0000						0.0000						0.0000						0.0000
1270						15.3233						1.4002						13.9232						0.0000						0.0000						0.0000						0.0000						0.0000
1271						0.0000						0.0000						0.0000						0.0000						0.0000						0.0000						0.0000						0.0000
1275						13.2620						-0.5855						13.8474						0.0000						0.0000						0.0000						0.0000						0.0000
1293						0.0000						0.0000						0.0000						0.0000						0.0000						0.0000						0.0000						0.0000
1308						356.3448						0.0000						356.3448						0.0000						0.0000						0.0000						0.0000						0.0000
1321						10.5874						-2.4750						13.0624						0.0000						0.0000						0.0000						0.0000						0.0000
1330						-0.4927						0.0000						-0.4927						0.0000						0.0000						0.0000						0.0000						0.0000
1334						0.9366						0.5193						0.4173						0.0000						0.0000						0.0000						0.0000						0.0000
1345	XN					898.3864						0.0000						898.3864						0.0000						0.0000						0.0000						0.0000						0.0000
1349						0.7711						0.1285						0.6426						0.0000						0.0000						0.0000						0.0000						0.0000
1351						1.5736						0.6307						0.9430						0.0000						0.0000						0.0000						0.0000						0.0000
1356	***					0.0601						1.8854						0.0000						-1.8253						0.0000						-0.0492						0.0000						0.0000
1372						6.8546						8.5496						-1.6949						0.0000						0.0000						0.0000						0.0000						0.0000
1381	WB					618.8988						18.3427						600.5561						0.0000						0.0000						0.0000						0.0000						0.0000
1382						4.8215						0.1082						4.7133						0.0000						0.0000						0.0000						0.0000						0.0000
1395						0.3022						-2.7559						3.0581						0.0000						0.0000						0.0000						0.0000						0.0000
1397						3.3538						-0.5232						3.8770						0.0000						0.0000						0.0000						0.0000						0.0000
1404						57.6168						0.0000						57.6168						0.0000						0.0000						0.0000						0.0000						0.0000
1415						4.8631						0.0979						4.7652						0.0000						0.0000						0.0000						0.0000						0.0000
1418						10.6084						17.1310						-6.5226						0.0000						0.0000						0.0000						0.0000						0.0000
1420						5.8794						2.4022						3.4773						0.0000						0.0000						0.0000						0.0000						0.0000
1429						7.3753						0.9361						6.4392						0.0000						0.0000						0.0000						0.0000						0.0000
1446						1.9780						0.1875						1.7904						0.0000						0.0000						0.0000						0.0000						0.0000
1450						7.1571						2.9049						4.2521						0.0000						0.0000						0.0000						0.0000						0.0000
1452						59.6460						1.9497						57.6964						0.0000						0.0000						0.0000						0.0000						0.0000
1483						-0.0001						0.0000						-0.0001						0.0000						0.0000						0.0000						0.0000						0.0000
1498						-0.0010						0.0000						-0.0010						0.0000						0.0000						0.0000						0.0000						0.0000
1500						0.1731						0.5375						-0.3644						0.0000						0.0000						0.0000						0.0000						0.0000
1504						-4.8209						-2.7668						-2.0542						0.0000						0.0000						0.0000						0.0000						0.0000
1515						2.8447						0.0000						2.8447						0.0000						0.0000						0.0000						0.0000						0.0000
1517						0.2973						-3.2412						0.0000						3.5386						0.0000						0.1103						0.0000						0.0000
1537						5.6380						2.9310						2.7070						0.0000						0.0000						0.0000						0.0000						0.0000
1547						0.2017						0.0032						0.1985						0.0000						0.0000						0.0000						0.0000						0.0000
1550						0.0000						0.0000						0.0000						0.0000						0.0000						0.0000						0.0000						0.0000
1570						0.1961						0.0000						0.1961						0.0000						0.0000						0.0000						0.0000						0.0000
1575						0.0000						0.0000						0.0000						0.0000						0.0000						0.0000						0.0000						0.0000
1583						-1.6210						-0.6882						-0.9328						0.0000						0.0000						0.0000						0.0000						0.0000
1590						-3.5829						-0.2222						-3.3607						0.0000						0.0000						0.0000						0.0000						0.0000
1607						1.0470						-2.5421						3.5891						0.0000						0.0000						0.0000						0.0000						0.0000
1612						-7.5010						-14.1486						6.6476						0.0000						0.0000						0.0000						0.0000						0.0000
1619						5.6921						10.0586						-4.3666						0.0000						0.0000						0.0000						0.0000						0.0000
1625						0.0000						0.0000						0.0000						0.0000						0.0000						0.0000						0.0000						0.0000
1628						4.2209						0.0000						4.2209						0.0000						0.0000						0.0000						0.0000						0.0000
1639						-1.3502						-2.6845						1.3343						0.0000						0.0000						0.0000						0.0000						0.0000
1640						3.9430						8.8068						-4.8637						0.0000						0.0000						0.0000						0.0000						0.0000
1641						6.4417						0.4298						6.0119						0.0000						0.0000						0.0000						0.0000						0.0000
1647						12.9788						0.0000						12.9788						0.0000						0.0000						0.0000						0.0000						0.0000
1653						0.0170						0.0000						0.0170						0.0000						0.0000						0.0000						0.0000						0.0000
1660						11.1548						-0.3044						11.4592						0.0000						0.0000						0.0000						0.0000						0.0000
1683						-1.6295						-0.2004						-1.4291						0.0000						0.0000						0.0000						0.0000						0.0000
1689						-2.2872						-6.7914						4.5041						0.0000						0.0000						0.0000						0.0000						0.0000
1690						-0.0004						0.0000						-0.0004						0.0000						0.0000						0.0000						0.0000						0.0000
1692						1.7887						0.0000						1.7887						0.0000						0.0000						0.0000						0.0000						0.0000
1709						-0.9423						-2.2317						1.2893						0.0000						0.0000						0.0000						0.0000						0.0000
1713						-0.8167						-1.1243						0.3075						0.0000						0.0000						0.0000						0.0000						0.0000
1715						1.6942						4.1019						-2.4077						0.0000						0.0000						0.0000						0.0000						0.0000
1729						0.7133						-2.1368						0.0000						2.8501						0.0452						0.0000						0.0000						0.0000
1739						0.6516						0.1859						0.4657						0.0000						0.0000						0.0000						0.0000						0.0000
1751						-7.4432						-14.4204						6.9772						0.0000						0.0000						0.0000						0.0000						0.0000
1759						2.8231						2.4860						0.3372						0.0000						0.0000						0.0000						0.0000						0.0000
1775						11.8006						6.2601						5.5405						0.0000						0.0000						0.0000						0.0000						0.0000
1779						0.0000						0.0000						0.0000						0.0000						0.0000						0.0000						0.0000						0.0000
1782						4.9793						9.8277						-4.8484						0.0000						0.0000						0.0000						0.0000						0.0000
1784						14.0516						0.0000						14.0516						0.0000						0.0000						0.0000						0.0000						0.0000
1791						7.5524						2.1691						5.3833						0.0000						0.0000						0.0000						0.0000						0.0000
1798						54.2491						-2.4145						56.6636						0.0000						0.0000						0.0000						0.0000						0.0000
1801						0.8408						2.0876						-1.2468						0.0000						0.0000						0.0000						0.0000						0.0000
1807						-3.5463						-7.8223						4.2760						0.0000						0.0000						0.0000						0.0000						0.0000
1810						-0.1578						2.2641						0.0000						-2.4219						-0.0398						0.0000						0.0000						0.0000
1843						5.8650						3.6850						2.1801						0.0000						0.0000						0.0000						0.0000						0.0000
1845						0.0000						0.0000						0.0000						0.0000						0.0000						0.0000						0.0000						0.0000
1852						0.0000						0.0000						0.0000						0.0000						0.0000						0.0000						0.0000						0.0000
1854						-3.8364						-7.0260						3.1896						0.0000						0.0000						0.0000						0.0000						0.0000
1856						39.0118						0.0000						39.0118						0.0000						0.0000						0.0000						0.0000						0.0000
1860						0.0715						-0.2237						0.0000						0.2952						0.0039						0.0000						0.0000						0.0000
1875						1.1013						0.0000						1.1013						0.0000						0.0000						0.0000						0.0000						0.0000
1885						30.2050						-0.9547						31.1597						0.0000						0.0000						0.0000						0.0000						0.0000
1891						2.7557						2.6512						0.1045						0.0000						0.0000						0.0000						0.0000						0.0000
1900						-0.3137						-0.5269						0.2132						0.0000						0.0000						0.0000						0.0000						0.0000
1907						3.2317						0.0521						3.1795						0.0000						0.0000						0.0000						0.0000						0.0000
1913						13.5165						-2.1614						15.6779						0.0000						0.0000						0.0000						0.0000						0.0000
1918						2.3063						3.8549						-1.5486						0.0000						0.0000						0.0000						0.0000						0.0000
1931						0.3150						0.0000						0.3150						0.0000						0.0000						0.0000						0.0000						0.0000
1963						70.7237						-4.4154						75.1392						0.0000						0.0000						0.0000						0.0000						0.0000
1965						0.0000						0.0000						0.0000						0.0000						0.0000						0.0000						0.0000						0.0000
1972						5.5527						0.0000						5.5527						0.0000						0.0000						0.0000						0.0000						0.0000
1973						-0.9626						-1.8717						0.0000						0.9091						0.0000						0.0422						0.0000						0.0000
1986						0.0000						0.0000						0.0000						0.0000						0.0000						0.0000						0.0000						0.0000
1993						8.4772						0.5512						7.9260						0.0000						0.0000						0.0000						0.0000						0.0000
